-------------------------------------------------------------------------------
Test set: myproject.entity.DeptTest
-------------------------------------------------------------------------------
Tests run: 2, Failures: 0, Errors: 2, Skipped: 0, Time elapsed: 0.532 sec <<< FAILURE!
testLeftOuterJoin_empList(myproject.entity.DeptTest)  Time elapsed: 0.422 sec  <<< ERROR!
org.seasar.framework.exception.SQLRuntimeException: [ESSR0072]SQLで例外(SQL=[], Message=[Cannot load connection class because of underlying exception: 'java.lang.NumberFormatException: For input string: "3904f97c@us-cdbr-east-03.cleardb.com"'. : [For input string: "3904f97c@us-cdbr-east-03.cleardb.com"], ErrorCode=0, SQLState=08001)が発生しました
	at org.seasar.extension.jdbc.util.DataSourceUtil.getConnection(DataSourceUtil.java:53)
	at org.seasar.extension.jdbc.manager.JdbcManagerImpl.getJdbcContext(JdbcManagerImpl.java:381)
	at org.seasar.extension.jdbc.query.AbstractSelect.getSingleResultInternal(AbstractSelect.java:246)
	at org.seasar.extension.jdbc.query.AbstractSelect.getSingleResult(AbstractSelect.java:182)
	at myproject.entity.DeptTest.testLeftOuterJoin_empList(DeptTest.java:44)
	at sun.reflect.NativeMethodAccessorImpl.invoke0(Native Method)
	at sun.reflect.NativeMethodAccessorImpl.invoke(NativeMethodAccessorImpl.java:62)
	at sun.reflect.DelegatingMethodAccessorImpl.invoke(DelegatingMethodAccessorImpl.java:43)
	at java.lang.reflect.Method.invoke(Method.java:498)
	at junit.framework.TestCase.runTest(TestCase.java:168)
	at org.seasar.framework.unit.S2FrameworkTestCase.doRunTest(S2FrameworkTestCase.java:519)
	at org.seasar.extension.unit.S2TestCase.doRunTest(S2TestCase.java:103)
	at org.seasar.framework.unit.S2FrameworkTestCase.runBare(S2FrameworkTestCase.java:308)
	at junit.framework.TestResult$1.protect(TestResult.java:110)
	at junit.framework.TestResult.runProtected(TestResult.java:128)
	at junit.framework.TestResult.run(TestResult.java:113)
	at junit.framework.TestCase.run(TestCase.java:124)
	at junit.framework.TestSuite.runTest(TestSuite.java:232)
	at junit.framework.TestSuite.run(TestSuite.java:227)
	at org.junit.internal.runners.JUnit38ClassRunner.run(JUnit38ClassRunner.java:81)
	at org.apache.maven.surefire.junit4.JUnit4Provider.execute(JUnit4Provider.java:252)
	at org.apache.maven.surefire.junit4.JUnit4Provider.executeTestSet(JUnit4Provider.java:141)
	at org.apache.maven.surefire.junit4.JUnit4Provider.invoke(JUnit4Provider.java:112)
	at sun.reflect.NativeMethodAccessorImpl.invoke0(Native Method)
	at sun.reflect.NativeMethodAccessorImpl.invoke(NativeMethodAccessorImpl.java:62)
	at sun.reflect.DelegatingMethodAccessorImpl.invoke(DelegatingMethodAccessorImpl.java:43)
	at java.lang.reflect.Method.invoke(Method.java:498)
	at org.apache.maven.surefire.util.ReflectionUtils.invokeMethodWithArray(ReflectionUtils.java:189)
	at org.apache.maven.surefire.booter.ProviderFactory$ProviderProxy.invoke(ProviderFactory.java:165)
	at org.apache.maven.surefire.booter.ProviderFactory.invokeProvider(ProviderFactory.java:85)
	at org.apache.maven.surefire.booter.ForkedBooter.runSuitesInProcess(ForkedBooter.java:115)
	at org.apache.maven.surefire.booter.ForkedBooter.main(ForkedBooter.java:75)
Caused by: com.mysql.jdbc.exceptions.jdbc4.MySQLNonTransientConnectionException: Cannot load connection class because of underlying exception: 'java.lang.NumberFormatException: For input string: "3904f97c@us-cdbr-east-03.cleardb.com"'.
	at sun.reflect.NativeConstructorAccessorImpl.newInstance0(Native Method)
	at sun.reflect.NativeConstructorAccessorImpl.newInstance(NativeConstructorAccessorImpl.java:62)
	at sun.reflect.DelegatingConstructorAccessorImpl.newInstance(DelegatingConstructorAccessorImpl.java:45)
	at java.lang.reflect.Constructor.newInstance(Constructor.java:423)
	at com.mysql.jdbc.Util.handleNewInstance(Util.java:404)
	at com.mysql.jdbc.Util.getInstance(Util.java:387)
	at com.mysql.jdbc.SQLError.createSQLException(SQLError.java:917)
	at com.mysql.jdbc.SQLError.createSQLException(SQLError.java:896)
	at com.mysql.jdbc.SQLError.createSQLException(SQLError.java:885)
	at com.mysql.jdbc.SQLError.createSQLException(SQLError.java:860)
	at com.mysql.jdbc.NonRegisteringDriver.connect(NonRegisteringDriver.java:336)
	at java.sql.DriverManager.getConnection(DriverManager.java:664)
	at java.sql.DriverManager.getConnection(DriverManager.java:208)
	at org.seasar.extension.dbcp.impl.XADataSourceImpl.getXAConnection(XADataSourceImpl.java:168)
	at org.seasar.extension.dbcp.impl.XADataSourceImpl.getXAConnection(XADataSourceImpl.java:151)
	at org.seasar.extension.dbcp.impl.ConnectionPoolImpl.createConnection(ConnectionPoolImpl.java:446)
	at org.seasar.extension.dbcp.impl.ConnectionPoolImpl.checkOut(ConnectionPoolImpl.java:366)
	at org.seasar.extension.dbcp.impl.DataSourceImpl.getConnection(DataSourceImpl.java:59)
	at org.seasar.extension.jdbc.util.DataSourceUtil.getConnection(DataSourceUtil.java:51)
	... 31 more
Caused by: java.lang.NumberFormatException: For input string: "3904f97c@us-cdbr-east-03.cleardb.com"
	at java.lang.NumberFormatException.forInputString(NumberFormatException.java:65)
	at java.lang.Integer.parseInt(Integer.java:580)
	at java.lang.Integer.parseInt(Integer.java:615)
	at com.mysql.jdbc.NonRegisteringDriver.port(NonRegisteringDriver.java:823)
	at com.mysql.jdbc.NonRegisteringDriver.connect(NonRegisteringDriver.java:328)
	... 39 more

testFindById(myproject.entity.DeptTest)  Time elapsed: 0.062 sec  <<< ERROR!
org.seasar.framework.exception.SQLRuntimeException: [ESSR0072]SQLで例外(SQL=[], Message=[Cannot load connection class because of underlying exception: 'java.lang.NumberFormatException: For input string: "3904f97c@us-cdbr-east-03.cleardb.com"'. : [For input string: "3904f97c@us-cdbr-east-03.cleardb.com"], ErrorCode=0, SQLState=08001)が発生しました
	at org.seasar.extension.jdbc.util.DataSourceUtil.getConnection(DataSourceUtil.java:53)
	at org.seasar.extension.jdbc.manager.JdbcManagerImpl.getJdbcContext(JdbcManagerImpl.java:381)
	at org.seasar.extension.jdbc.query.AbstractSelect.getSingleResultInternal(AbstractSelect.java:246)
	at org.seasar.extension.jdbc.query.AbstractSelect.getSingleResult(AbstractSelect.java:182)
	at myproject.entity.DeptTest.testFindById(DeptTest.java:35)
	at sun.reflect.NativeMethodAccessorImpl.invoke0(Native Method)
	at sun.reflect.NativeMethodAccessorImpl.invoke(NativeMethodAccessorImpl.java:62)
	at sun.reflect.DelegatingMethodAccessorImpl.invoke(DelegatingMethodAccessorImpl.java:43)
	at java.lang.reflect.Method.invoke(Method.java:498)
	at junit.framework.TestCase.runTest(TestCase.java:168)
	at org.seasar.framework.unit.S2FrameworkTestCase.doRunTest(S2FrameworkTestCase.java:519)
	at org.seasar.extension.unit.S2TestCase.doRunTest(S2TestCase.java:103)
	at org.seasar.framework.unit.S2FrameworkTestCase.runBare(S2FrameworkTestCase.java:308)
	at junit.framework.TestResult$1.protect(TestResult.java:110)
	at junit.framework.TestResult.runProtected(TestResult.java:128)
	at junit.framework.TestResult.run(TestResult.java:113)
	at junit.framework.TestCase.run(TestCase.java:124)
	at junit.framework.TestSuite.runTest(TestSuite.java:232)
	at junit.framework.TestSuite.run(TestSuite.java:227)
	at org.junit.internal.runners.JUnit38ClassRunner.run(JUnit38ClassRunner.java:81)
	at org.apache.maven.surefire.junit4.JUnit4Provider.execute(JUnit4Provider.java:252)
	at org.apache.maven.surefire.junit4.JUnit4Provider.executeTestSet(JUnit4Provider.java:141)
	at org.apache.maven.surefire.junit4.JUnit4Provider.invoke(JUnit4Provider.java:112)
	at sun.reflect.NativeMethodAccessorImpl.invoke0(Native Method)
	at sun.reflect.NativeMethodAccessorImpl.invoke(NativeMethodAccessorImpl.java:62)
	at sun.reflect.DelegatingMethodAccessorImpl.invoke(DelegatingMethodAccessorImpl.java:43)
	at java.lang.reflect.Method.invoke(Method.java:498)
	at org.apache.maven.surefire.util.ReflectionUtils.invokeMethodWithArray(ReflectionUtils.java:189)
	at org.apache.maven.surefire.booter.ProviderFactory$ProviderProxy.invoke(ProviderFactory.java:165)
	at org.apache.maven.surefire.booter.ProviderFactory.invokeProvider(ProviderFactory.java:85)
	at org.apache.maven.surefire.booter.ForkedBooter.runSuitesInProcess(ForkedBooter.java:115)
	at org.apache.maven.surefire.booter.ForkedBooter.main(ForkedBooter.java:75)
Caused by: com.mysql.jdbc.exceptions.jdbc4.MySQLNonTransientConnectionException: Cannot load connection class because of underlying exception: 'java.lang.NumberFormatException: For input string: "3904f97c@us-cdbr-east-03.cleardb.com"'.
	at sun.reflect.NativeConstructorAccessorImpl.newInstance0(Native Method)
	at sun.reflect.NativeConstructorAccessorImpl.newInstance(NativeConstructorAccessorImpl.java:62)
	at sun.reflect.DelegatingConstructorAccessorImpl.newInstance(DelegatingConstructorAccessorImpl.java:45)
	at java.lang.reflect.Constructor.newInstance(Constructor.java:423)
	at com.mysql.jdbc.Util.handleNewInstance(Util.java:404)
	at com.mysql.jdbc.Util.getInstance(Util.java:387)
	at com.mysql.jdbc.SQLError.createSQLException(SQLError.java:917)
	at com.mysql.jdbc.SQLError.createSQLException(SQLError.java:896)
	at com.mysql.jdbc.SQLError.createSQLException(SQLError.java:885)
	at com.mysql.jdbc.SQLError.createSQLException(SQLError.java:860)
	at com.mysql.jdbc.NonRegisteringDriver.connect(NonRegisteringDriver.java:336)
	at java.sql.DriverManager.getConnection(DriverManager.java:664)
	at java.sql.DriverManager.getConnection(DriverManager.java:208)
	at org.seasar.extension.dbcp.impl.XADataSourceImpl.getXAConnection(XADataSourceImpl.java:168)
	at org.seasar.extension.dbcp.impl.XADataSourceImpl.getXAConnection(XADataSourceImpl.java:151)
	at org.seasar.extension.dbcp.impl.ConnectionPoolImpl.createConnection(ConnectionPoolImpl.java:446)
	at org.seasar.extension.dbcp.impl.ConnectionPoolImpl.checkOut(ConnectionPoolImpl.java:366)
	at org.seasar.extension.dbcp.impl.DataSourceImpl.getConnection(DataSourceImpl.java:59)
	at org.seasar.extension.jdbc.util.DataSourceUtil.getConnection(DataSourceUtil.java:51)
	... 31 more
Caused by: java.lang.NumberFormatException: For input string: "3904f97c@us-cdbr-east-03.cleardb.com"
	at java.lang.NumberFormatException.forInputString(NumberFormatException.java:65)
	at java.lang.Integer.parseInt(Integer.java:580)
	at java.lang.Integer.parseInt(Integer.java:615)
	at com.mysql.jdbc.NonRegisteringDriver.port(NonRegisteringDriver.java:823)
	at com.mysql.jdbc.NonRegisteringDriver.connect(NonRegisteringDriver.java:328)
	... 39 more

